{"contracts/Ballot.sol":{"l":{"21":1,"22":1,"23":1,"29":0,"30":0,"35":0,"36":0,"37":0,"38":0,"39":0,"40":0,"41":0,"42":0,"43":0,"44":0,"46":0,"51":0,"52":0,"53":0,"54":0,"55":0,"59":0,"60":0,"61":0,"62":0,"63":0},"path":"/home/nico/Desktop/public_repos/solcoverTest/contracts/Ballot.sol","s":{"1":1,"2":1,"3":1,"4":0,"5":0,"6":0,"7":0,"8":0,"9":0,"10":0,"11":0,"12":0,"13":0,"14":0,"15":0,"16":0,"17":0,"18":0,"19":0,"20":0,"21":0,"22":0,"23":0,"24":0,"25":0,"26":0,"27":0,"28":0,"29":0,"30":0},"b":{"1":[0,0],"2":[0,0],"3":[0,0],"4":[0,0],"5":[0,0],"6":[0,0]},"f":{"1":1,"2":0,"3":0,"4":0,"5":0},"fnMap":{"1":{"name":null,"line":20,"loc":{"start":{"line":20,"column":4},"end":{"line":20,"column":41}}},"2":{"name":"giveRightToVote","line":28,"loc":{"start":{"line":28,"column":4},"end":{"line":28,"column":50}}},"3":{"name":"delegate","line":34,"loc":{"start":{"line":34,"column":4},"end":{"line":34,"column":38}}},"4":{"name":"vote","line":50,"loc":{"start":{"line":50,"column":4},"end":{"line":50,"column":40}}},"5":{"name":"winningProposal","line":58,"loc":{"start":{"line":58,"column":4},"end":{"line":58,"column":77}}}},"statementMap":{"1":{"start":{"line":21,"column":8},"end":{"line":21,"column":31}},"2":{"start":{"line":22,"column":8},"end":{"line":22,"column":37}},"3":{"start":{"line":23,"column":8},"end":{"line":23,"column":39}},"4":{"start":{"line":29,"column":8},"end":{"line":29,"column":70}},"5":{"start":{"line":29,"column":64},"end":{"line":29,"column":70}},"6":{"start":{"line":30,"column":8},"end":{"line":30,"column":33}},"7":{"start":{"line":35,"column":8},"end":{"line":35,"column":48}},"8":{"start":{"line":36,"column":8},"end":{"line":36,"column":32}},"9":{"start":{"line":36,"column":26},"end":{"line":36,"column":32}},"10":{"start":{"line":37,"column":8},"end":{"line":37,"column":1055}},"11":{"start":{"line":38,"column":12},"end":{"line":38,"column":35}},"12":{"start":{"line":39,"column":8},"end":{"line":39,"column":36}},"13":{"start":{"line":39,"column":30},"end":{"line":39,"column":36}},"14":{"start":{"line":40,"column":8},"end":{"line":40,"column":26}},"15":{"start":{"line":41,"column":8},"end":{"line":41,"column":27}},"16":{"start":{"line":42,"column":8},"end":{"line":42,"column":44}},"17":{"start":{"line":43,"column":8},"end":{"line":43,"column":1334}},"18":{"start":{"line":44,"column":12},"end":{"line":44,"column":64}},"19":{"start":{"line":46,"column":12},"end":{"line":46,"column":45}},"20":{"start":{"line":51,"column":8},"end":{"line":51,"column":48}},"21":{"start":{"line":52,"column":8},"end":{"line":52,"column":66}},"22":{"start":{"line":52,"column":60},"end":{"line":52,"column":66}},"23":{"start":{"line":53,"column":8},"end":{"line":53,"column":26}},"24":{"start":{"line":54,"column":8},"end":{"line":54,"column":31}},"25":{"start":{"line":55,"column":8},"end":{"line":55,"column":55}},"26":{"start":{"line":59,"column":8},"end":{"line":59,"column":35}},"27":{"start":{"line":60,"column":8},"end":{"line":60,"column":1931}},"28":{"start":{"line":61,"column":12},"end":{"line":61,"column":1997}},"29":{"start":{"line":62,"column":16},"end":{"line":62,"column":59}},"30":{"start":{"line":63,"column":16},"end":{"line":63,"column":38}}},"branchMap":{"1":{"line":29,"type":"if","locations":[{"start":{"line":29,"column":8},"end":{"line":29,"column":8}},{"start":{"line":29,"column":8},"end":{"line":29,"column":8}}]},"2":{"line":36,"type":"if","locations":[{"start":{"line":36,"column":8},"end":{"line":36,"column":8}},{"start":{"line":36,"column":8},"end":{"line":36,"column":8}}]},"3":{"line":39,"type":"if","locations":[{"start":{"line":39,"column":8},"end":{"line":39,"column":8}},{"start":{"line":39,"column":8},"end":{"line":39,"column":8}}]},"4":{"line":43,"type":"if","locations":[{"start":{"line":43,"column":8},"end":{"line":43,"column":8}},{"start":{"line":43,"column":8},"end":{"line":43,"column":8}}]},"5":{"line":52,"type":"if","locations":[{"start":{"line":52,"column":8},"end":{"line":52,"column":8}},{"start":{"line":52,"column":8},"end":{"line":52,"column":8}}]},"6":{"line":61,"type":"if","locations":[{"start":{"line":61,"column":12},"end":{"line":61,"column":12}},{"start":{"line":61,"column":12},"end":{"line":61,"column":12}}]}}}}