TN:
SF:/home/nico/Desktop/public_repos/solcoverTest/contracts/Ballot.sol
FN:20,
FN:28,giveRightToVote
FN:34,delegate
FN:50,vote
FN:58,winningProposal
FNF:5
FNH:1
FNDA:1,
FNDA:0,giveRightToVote
FNDA:0,delegate
FNDA:0,vote
FNDA:0,winningProposal
DA:21,1
DA:22,1
DA:23,1
DA:29,0
DA:30,0
DA:35,0
DA:36,0
DA:37,0
DA:38,0
DA:39,0
DA:40,0
DA:41,0
DA:42,0
DA:43,0
DA:44,0
DA:46,0
DA:51,0
DA:52,0
DA:53,0
DA:54,0
DA:55,0
DA:59,0
DA:60,0
DA:61,0
DA:62,0
DA:63,0
LF:26
LH:3
BRDA:29,1,0,0
BRDA:29,1,1,0
BRDA:36,2,0,0
BRDA:36,2,1,0
BRDA:39,3,0,0
BRDA:39,3,1,0
BRDA:43,4,0,0
BRDA:43,4,1,0
BRDA:52,5,0,0
BRDA:52,5,1,0
BRDA:61,6,0,0
BRDA:61,6,1,0
BRF:12
BRH:0
end_of_record
